ec_threshold = 0.683
1_10_deltaT_high = 0
1_10_deltaT_low = 0
1_11_deltaT_high = -9.15639e-05
1_11_deltaT_low = 9.15639e-05
1_12_deltaT_high = -4.09015e-312
1_12_deltaT_low = 4.09015e-312
1_13_deltaT_high = 0
1_13_deltaT_low = 0
1_14_deltaT_high = -2.57745e+10
1_14_deltaT_low = 2.57745e+10
1_15_deltaT_high = -2.57736e+10
1_15_deltaT_low = 2.57736e+10
1_16_deltaT_high = -393239
1_16_deltaT_low = 393239
1_17_deltaT_high = -393224
1_17_deltaT_low = 393224
1_18_deltaT_high = -393300
1_18_deltaT_low = 393300
1_19_deltaT_high = -393288
1_19_deltaT_low = 393288
1_1_deltaT_high = 3.05176e-05
1_1_deltaT_low = 3.05176e-05
1_20_deltaT_high = -393285
1_20_deltaT_low = 393285
1_21_deltaT_high = -393288
1_21_deltaT_low = 393288
1_22_deltaT_high = -2.57755e+10
1_22_deltaT_low = 2.57755e+10
1_23_deltaT_high = -393309
1_23_deltaT_low = 393309
1_24_deltaT_high = -393294
1_24_deltaT_low = 393294
1_25_deltaT_high = -393303
1_25_deltaT_low = 393303
1_26_deltaT_high = 8.59112e+09
1_26_deltaT_low = 8.5919e+09
1_27_deltaT_high = -262216
1_27_deltaT_low = 524372
1_28_deltaT_high = -262216
1_28_deltaT_low = 524361
1_29_deltaT_high = 8.59085e+09
1_29_deltaT_low = 8.59164e+09
1_2_deltaT_high = 5.30499e-315
1_2_deltaT_low = 5.30499e-315
1_30_deltaT_high = -262173
1_30_deltaT_low = 524373
1_31_deltaT_high = -262179
1_31_deltaT_low = 524326
1_32_deltaT_high = -262168
1_32_deltaT_low = 524372
1_33_deltaT_high = -262155
1_33_deltaT_low = 524349
1_34_deltaT_high = -262187
1_34_deltaT_low = 524383
1_35_deltaT_high = -262173
1_35_deltaT_low = 524367
1_36_deltaT_high = 8.59118e+09
1_36_deltaT_low = 8.59197e+09
1_3_deltaT_high = 3.05176e-05
1_3_deltaT_low = 3.05176e-05
1_4_deltaT_high = -6.10352e-05
1_4_deltaT_low = 0.00012207
1_5_deltaT_high = -1.26481e-321
1_5_deltaT_low = 2.52962e-321
1_6_deltaT_high = 3.05176e-05
1_6_deltaT_low = 3.05176e-05
1_7_deltaT_high = 2.72138e-312
1_7_deltaT_low = 2.72138e-312
1_8_deltaT_high = -9.15527e-05
1_8_deltaT_low = 9.15527e-05
1_9_deltaT_high = -8.16413e-312
1_9_deltaT_low = 8.16413e-312
1_a0_CCtheta_high = 9.38505
1_a0_CCtheta_low = 4.16568
1_a1_CCtheta_high = 1.47584
1_a1_CCtheta_low = 1.75805
1_a2_CCtheta_high = 0.0388061
1_a2_CCtheta_low = 0.00415779
2_10_deltaT_high = -4.00031
2_10_deltaT_low = 8.00116
2_11_deltaT_high = 2.00043
2_11_deltaT_low = 2.00043
2_12_deltaT_high = -4.00025
2_12_deltaT_low = 8.00049
2_13_deltaT_high = 2.00028
2_13_deltaT_low = 2.00046
2_14_deltaT_high = 2
2_14_deltaT_low = 2
2_15_deltaT_high = -6.10351e-05
2_15_deltaT_low = 0.00012207
2_16_deltaT_high = 2.00015
2_16_deltaT_low = 2.00034
2_17_deltaT_high = -8.15883e-312
2_17_deltaT_low = 8.16944e-312
2_18_deltaT_high = 2
2_18_deltaT_low = 2
2_19_deltaT_high = 2.00003
2_19_deltaT_low = 2.00021
2_1_deltaT_high = -262210
2_1_deltaT_low = 524390
2_20_deltaT_high = 3.05176e-05
2_20_deltaT_low = 3.05176e-05
2_21_deltaT_high = -9.15639e-05
2_21_deltaT_low = 9.15639e-05
2_22_deltaT_high = -5.44275e-312
2_22_deltaT_low = 1.08855e-311
2_23_deltaT_high = 5.30499e-315
2_23_deltaT_low = 5.30499e-315
2_24_deltaT_high = -8.16413e-312
2_24_deltaT_low = 8.16413e-312
2_25_deltaT_high = 3.05176e-05
2_25_deltaT_low = 3.05176e-05
2_26_deltaT_high = 3.05213e-05
2_26_deltaT_low = 3.05213e-05
2_27_deltaT_high = -1.5915e-314
2_27_deltaT_low = 1.5915e-314
2_28_deltaT_high = 0
2_28_deltaT_low = 0
2_29_deltaT_high = -2.57714e+10
2_29_deltaT_low = 2.57714e+10
2_2_deltaT_high = -262150
2_2_deltaT_low = 524354
2_30_deltaT_high = -2.57717e+10
2_30_deltaT_low = 2.57717e+10
2_31_deltaT_high = -2.57715e+10
2_31_deltaT_low = 2.57715e+10
2_32_deltaT_high = -2.57739e+10
2_32_deltaT_low = 2.57739e+10
2_33_deltaT_high = -393276
2_33_deltaT_low = 393276
2_34_deltaT_high = -393230
2_34_deltaT_low = 393230
2_35_deltaT_high = -393285
2_35_deltaT_low = 393285
2_36_deltaT_high = -393282
2_36_deltaT_low = 393282
2_3_deltaT_high = -262204
2_3_deltaT_low = 524372
2_4_deltaT_high = 131078
2_4_deltaT_low = 131090
2_5_deltaT_high = 131090
2_5_deltaT_low = 131102
2_6_deltaT_high = -393226
2_6_deltaT_low = 393230
2_7_deltaT_high = 131072
2_7_deltaT_low = 131084
2_8_deltaT_high = -4.0007
2_8_deltaT_low = 8.00076
2_9_deltaT_high = -262142
2_9_deltaT_low = 524314
2_a0_CCtheta_high = 9.26107
2_a0_CCtheta_low = 4.74862
2_a1_CCtheta_high = 1.43818
2_a1_CCtheta_low = 1.50596
2_a2_CCtheta_high = 0.0441528
2_a2_CCtheta_low = 0.0195554
3_10_deltaT_high = -262151
3_10_deltaT_low = 524341
3_11_deltaT_high = -262193
3_11_deltaT_low = 524383
3_12_deltaT_high = 8.59138e+09
3_12_deltaT_low = 8.59216e+09
3_13_deltaT_high = -262161
3_13_deltaT_low = 524367
3_14_deltaT_high = -262166
3_14_deltaT_low = 524368
3_15_deltaT_high = -262185
3_15_deltaT_low = 524332
3_16_deltaT_high = -262162
3_16_deltaT_low = 524354
3_17_deltaT_high = -262155
3_17_deltaT_low = 524349
3_18_deltaT_high = -262123
3_18_deltaT_low = 524321
3_19_deltaT_high = -262185
3_19_deltaT_low = 524361
3_1_deltaT_high = -2.57753e+10
3_1_deltaT_low = 2.57753e+10
3_20_deltaT_high = -262139
3_20_deltaT_low = 524317
3_21_deltaT_high = 131083
3_21_deltaT_low = 131095
3_22_deltaT_high = 131080
3_22_deltaT_low = 131092
3_23_deltaT_high = -262192
3_23_deltaT_low = 524360
3_24_deltaT_high = 131070
3_24_deltaT_low = 131082
3_25_deltaT_high = 131074
3_25_deltaT_low = 131086
3_26_deltaT_high = 131068
3_26_deltaT_low = 131080
3_27_deltaT_high = -4.0007
3_27_deltaT_low = 8.00076
3_28_deltaT_high = 131100
3_28_deltaT_low = 131100
3_29_deltaT_high = 2.00021
3_29_deltaT_low = 2.0004
3_2_deltaT_high = -393221
3_2_deltaT_low = 393221
3_30_deltaT_high = -4.00067
3_30_deltaT_low = 8.0008
3_31_deltaT_high = -6
3_31_deltaT_low = 6
3_32_deltaT_high = -4.00049
3_32_deltaT_low = 8.00098
3_33_deltaT_high = -3.99988
3_33_deltaT_low = 8.00012
3_34_deltaT_high = 2.00012
3_34_deltaT_low = 2.00012
3_35_deltaT_high = 2
3_35_deltaT_low = 2
3_36_deltaT_high = 3.05194e-05
3_36_deltaT_low = 3.05194e-05
3_3_deltaT_high = -393309
3_3_deltaT_low = 393309
3_4_deltaT_high = -2.577e+10
3_4_deltaT_low = 2.577e+10
3_5_deltaT_high = -1.71833e+10
3_5_deltaT_low = 3.43662e+10
3_6_deltaT_high = 8.58977e+09
3_6_deltaT_low = 8.59056e+09
3_7_deltaT_high = -262127
3_7_deltaT_low = 524311
3_8_deltaT_high = 8.58977e+09
3_8_deltaT_low = 8.59056e+09
3_9_deltaT_high = -262186
3_9_deltaT_low = 524390
3_a0_CCtheta_high = 9.52121
3_a0_CCtheta_low = 4.55071
3_a1_CCtheta_high = 1.3981
3_a1_CCtheta_low = 1.62314
3_a2_CCtheta_high = 0.0452125
3_a2_CCtheta_low = 0.012361
4_10_deltaT_high = -2.57723e+10
4_10_deltaT_low = 2.57723e+10
4_11_deltaT_high = -393233
4_11_deltaT_low = 393233
4_12_deltaT_high = -393294
4_12_deltaT_low = 393294
4_13_deltaT_high = -393303
4_13_deltaT_low = 393303
4_14_deltaT_high = -393300
4_14_deltaT_low = 393300
4_15_deltaT_high = -393221
4_15_deltaT_low = 393221
4_16_deltaT_high = -2.57737e+10
4_16_deltaT_low = 2.57737e+10
4_17_deltaT_high = -2.57751e+10
4_17_deltaT_low = 2.57751e+10
4_18_deltaT_high = -2.57757e+10
4_18_deltaT_low = 2.57757e+10
4_19_deltaT_high = -2.57749e+10
4_19_deltaT_low = 2.57749e+10
4_1_deltaT_high = -8.15883e-312
4_1_deltaT_low = 8.16944e-312
4_20_deltaT_high = 8.59066e+09
4_20_deltaT_low = 8.59144e+09
4_21_deltaT_high = 8.5903e+09
4_21_deltaT_low = 8.59108e+09
4_22_deltaT_high = -262145
4_22_deltaT_low = 524291
4_23_deltaT_high = -1.71797e+10
4_23_deltaT_low = 3.43599e+10
4_24_deltaT_high = -262193
4_24_deltaT_low = 524389
4_25_deltaT_high = -262188
4_25_deltaT_low = 524388
4_26_deltaT_high = 8.58954e+09
4_26_deltaT_low = 8.59033e+09
4_27_deltaT_high = -262177
4_27_deltaT_low = 524369
4_28_deltaT_high = 8.59099e+09
4_28_deltaT_low = 8.59177e+09
4_29_deltaT_high = -262184
4_29_deltaT_low = 524374
4_2_deltaT_high = 3.05213e-05
4_2_deltaT_low = 3.05213e-05
4_30_deltaT_high = -262177
4_30_deltaT_low = 524369
4_31_deltaT_high = -262168
4_31_deltaT_low = 524366
4_32_deltaT_high = 8.59125e+09
4_32_deltaT_low = 8.59203e+09
4_33_deltaT_high = -262162
4_33_deltaT_low = 524354
4_34_deltaT_high = -262208
4_34_deltaT_low = 524392
4_35_deltaT_high = -262126
4_35_deltaT_low = 524306
4_36_deltaT_high = -262149
4_36_deltaT_low = 524331
4_3_deltaT_high = 5.30499e-315
4_3_deltaT_low = 5.30499e-315
4_4_deltaT_high = 3.05176e-05
4_4_deltaT_low = 3.05176e-05
4_5_deltaT_high = 2
4_5_deltaT_low = 2
4_6_deltaT_high = -5.443e-312
4_6_deltaT_low = 1.08858e-311
4_7_deltaT_high = 0
4_7_deltaT_low = 0
4_8_deltaT_high = -393234
4_8_deltaT_low = 393234
4_9_deltaT_high = -2.57705e+10
4_9_deltaT_low = 2.57705e+10
4_a0_CCtheta_high = 9.56243
4_a0_CCtheta_low = 4.33149
4_a1_CCtheta_high = 1.43171
4_a1_CCtheta_low = 1.72164
4_a2_CCtheta_high = 0.0389137
4_a2_CCtheta_low = 0.00599893
5_10_deltaT_high = -5.99997
5_10_deltaT_low = 6.00003
5_11_deltaT_high = -4.00061
5_11_deltaT_low = 8.00086
5_12_deltaT_high = 3.0519e-05
5_12_deltaT_low = 3.0519e-05
5_13_deltaT_high = 3.05222e-05
5_13_deltaT_low = 3.05222e-05
5_14_deltaT_high = 3.05176e-05
5_14_deltaT_low = 3.05176e-05
5_15_deltaT_high = 2.00031
5_15_deltaT_low = 2.00031
5_16_deltaT_high = 3.05213e-05
5_16_deltaT_low = 3.05213e-05
5_17_deltaT_high = -9.15639e-05
5_17_deltaT_low = 9.15639e-05
5_18_deltaT_high = -1.89721e-321
5_18_deltaT_low = 1.89721e-321
5_19_deltaT_high = 2
5_19_deltaT_low = 2
5_1_deltaT_high = -262214
5_1_deltaT_low = 524386
5_20_deltaT_high = 3.16202e-322
5_20_deltaT_low = 3.16202e-322
5_21_deltaT_high = -1.22386e-311
5_21_deltaT_low = 1.22386e-311
5_22_deltaT_high = 0
5_22_deltaT_low = 0
5_23_deltaT_high = -393234
5_23_deltaT_low = 393234
5_24_deltaT_high = -2.57705e+10
5_24_deltaT_low = 2.57705e+10
5_25_deltaT_high = -2.57738e+10
5_25_deltaT_low = 2.57738e+10
5_26_deltaT_high = -393230
5_26_deltaT_low = 393230
5_27_deltaT_high = -393294
5_27_deltaT_low = 393294
5_28_deltaT_high = -393300
5_28_deltaT_low = 393300
5_29_deltaT_high = -393297
5_29_deltaT_low = 393297
5_2_deltaT_high = 131070
5_2_deltaT_low = 131082
5_30_deltaT_high = -2.57751e+10
5_30_deltaT_low = 2.57751e+10
5_31_deltaT_high = -2.57759e+10
5_31_deltaT_low = 2.57759e+10
5_32_deltaT_high = -2.57703e+10
5_32_deltaT_low = 2.57703e+10
5_33_deltaT_high = -2.57704e+10
5_33_deltaT_low = 2.57704e+10
5_34_deltaT_high = -2.57755e+10
5_34_deltaT_low = 2.57755e+10
5_35_deltaT_high = 8.59007e+09
5_35_deltaT_low = 8.59085e+09
5_36_deltaT_high = -1.71797e+10
5_36_deltaT_low = 3.43609e+10
5_3_deltaT_high = -262212
5_3_deltaT_low = 524388
5_4_deltaT_high = -4.00047
5_4_deltaT_low = 8.00099
5_5_deltaT_high = 131068
5_5_deltaT_low = 131080
5_6_deltaT_high = -3.99994
5_6_deltaT_low = 8.0008
5_7_deltaT_high = -3.99957
5_7_deltaT_low = 8.00043
5_8_deltaT_high = -4.00043
5_8_deltaT_low = 8.00104
5_9_deltaT_high = 2
5_9_deltaT_low = 2
5_a0_CCtheta_high = 12.019
5_a0_CCtheta_low = 4.86109
5_a1_CCtheta_high = 0.818991
5_a1_CCtheta_low = 1.53282
5_a2_CCtheta_high = 0.0821815
5_a2_CCtheta_low = 0.0206103
6_10_deltaT_high = -262166
6_10_deltaT_low = 524362
6_11_deltaT_high = -262165
6_11_deltaT_low = 524351
6_12_deltaT_high = -262181
6_12_deltaT_low = 524371
6_13_deltaT_high = 8.59092e+09
6_13_deltaT_low = 8.59171e+09
6_14_deltaT_high = -262146
6_14_deltaT_low = 524334
6_15_deltaT_high = -262133
6_15_deltaT_low = 524311
6_16_deltaT_high = 131091
6_16_deltaT_low = 131103
6_17_deltaT_high = -262150
6_17_deltaT_low = 524306
6_18_deltaT_high = 131086
6_18_deltaT_low = 131098
6_19_deltaT_high = 131070
6_19_deltaT_low = 131082
6_1_deltaT_high = -262227
6_1_deltaT_low = 524391
6_20_deltaT_high = -4.00034
6_20_deltaT_low = 8.00058
6_21_deltaT_high = 2.00006
6_21_deltaT_low = 2.00006
6_22_deltaT_high = 131078
6_22_deltaT_low = 131090
6_23_deltaT_high = 131090
6_23_deltaT_low = 131102
6_24_deltaT_high = 131074
6_24_deltaT_low = 131086
6_25_deltaT_high = 1.99991
6_25_deltaT_low = 2.00009
6_26_deltaT_high = 2.00031
6_26_deltaT_low = 2.00031
6_27_deltaT_high = 131100
6_27_deltaT_low = 131100
6_28_deltaT_high = -4.00031
6_28_deltaT_low = 8.00116
6_29_deltaT_high = 131072
6_29_deltaT_low = 131072
6_2_deltaT_high = -2.5775e+10
6_2_deltaT_low = 2.57752e+10
6_30_deltaT_high = -6.10351e-05
6_30_deltaT_low = 0.00012207
6_31_deltaT_high = 3.05213e-05
6_31_deltaT_low = 3.05213e-05
6_32_deltaT_high = 2.00003
6_32_deltaT_low = 2.00021
6_33_deltaT_high = 2
6_33_deltaT_low = 2
6_34_deltaT_high = 0
6_34_deltaT_low = 0
6_35_deltaT_high = 2.72138e-312
6_35_deltaT_low = 2.72138e-312
6_36_deltaT_high = -5.443e-312
6_36_deltaT_low = 1.08858e-311
6_3_deltaT_high = 8.58964e+09
6_3_deltaT_low = 8.59043e+09
6_4_deltaT_high = -262199
6_4_deltaT_low = 524395
6_5_deltaT_high = 8.59158e+09
6_5_deltaT_low = 8.59236e+09
6_6_deltaT_high = 8.59112e+09
6_6_deltaT_low = 8.5919e+09
6_7_deltaT_high = 8.59151e+09
6_7_deltaT_low = 8.5923e+09
6_8_deltaT_high = -262163
6_8_deltaT_low = 524365
6_9_deltaT_high = -262156
6_9_deltaT_low = 524360
6_a0_CCtheta_high = 9.80812
6_a0_CCtheta_low = 4.55836
6_a1_CCtheta_high = 1.33102
6_a1_CCtheta_low = 1.61774
6_a2_CCtheta_high = 0.0481457
6_a2_CCtheta_low = 0.0124547
1_SFmean_a0 = 0.261600
1_SFmean_a1 = 0.032485
1_SFmean_a2 = -0.005717
1_SFmean_a3 = 0.000568
2_SFmean_a0 = 0.274086
2_SFmean_a1 = 0.066419
2_SFmean_a2 = -0.015231
2_SFmean_a3 = 0.001230
3_SFmean_a0 = 0.266430
3_SFmean_a1 = 0.047713
3_SFmean_a2 = -0.009524
3_SFmean_a3 = 0.000907
4_SFmean_a0 = 0.265480
4_SFmean_a1 = 0.038450
4_SFmean_a2 = -0.006072
4_SFmean_a3 = 0.000294
5_SFmean_a0 = 0.245062
5_SFmean_a1 = 0.049938
5_SFmean_a2 = -0.011564
5_SFmean_a3 = 0.000974
6_SFmean_a0 = 0.247429
6_SFmean_a1 = 0.043138
6_SFmean_a2 = -0.008686
6_SFmean_a3 = 0.000608
1_SFsigma_a0 = 0.043114
1_SFsigma_a1 = -0.018801
1_SFsigma_a2 = 0.005763
1_SFsigma_a3 = -0.000601
2_SFsigma_a0 = 0.048037
2_SFsigma_a1 = -0.008619
2_SFsigma_a2 = -0.000390
2_SFsigma_a3 = 0.000307
3_SFsigma_a0 = 0.043551
3_SFsigma_a1 = -0.015785
3_SFsigma_a2 = 0.004142
3_SFsigma_a3 = -0.000363
4_SFsigma_a0 = 0.036925
4_SFsigma_a1 = -0.002517
4_SFsigma_a2 = -0.000079
4_SFsigma_a3 = 0.000030
5_SFsigma_a0 = 0.040593
5_SFsigma_a1 = -0.006788
5_SFsigma_a2 = -0.000328
5_SFsigma_a3 = 0.000275
6_SFsigma_a0 = 0.036195
6_SFsigma_a1 = -0.007382
6_SFsigma_a2 = 0.001047
6_SFsigma_a3 = -0.000014
