1_a0_CCtheta_high = 9.89589
1_a0_CCtheta_low = 17.4678
1_a1_CCtheta_high = 1.09345
1_a1_CCtheta_low = -0.746811
1_a2_CCtheta_high = 0.0593732
1_a2_CCtheta_low = 0.119771
2_a0_CCtheta_high = 9.25204
2_a0_CCtheta_low = 8.26496
2_a1_CCtheta_high = 1.1529
2_a1_CCtheta_low = 0.74172
2_a2_CCtheta_high = 0.0590218
2_a2_CCtheta_low = 0.0602408
3_a0_CCtheta_high = 9.08519
3_a0_CCtheta_low = 8.81241
3_a1_CCtheta_high = 1.19908
3_a1_CCtheta_low = 0.596811
3_a2_CCtheta_high = 0.0569286
3_a2_CCtheta_low = 0.0692341
4_a0_CCtheta_high = 10.9441
4_a0_CCtheta_low = 8.44606
4_a1_CCtheta_high = 0.937713
4_a1_CCtheta_low = 1.74005
4_a2_CCtheta_high = 0.0656137
4_a2_CCtheta_low = -0.0179583
5_a0_CCtheta_high = 8.51708
5_a0_CCtheta_low = 8.76398
5_a1_CCtheta_high = 1.31224
5_a1_CCtheta_low = 0.607998
5_a2_CCtheta_high = 0.0508651
5_a2_CCtheta_low = 0.068443
6_a0_CCtheta_high = 9.19587
6_a0_CCtheta_low = 8.2875
6_a1_CCtheta_high = 1.17308
6_a1_CCtheta_low = 0.728358
6_a2_CCtheta_high = 0.0576283
6_a2_CCtheta_low = 0.0613484
EC_min_p = 0.64
cut_nPhe = 30
nPbins = 15
1_SFmean_a0 = 0.248275
1_SFmean_a1 = -0.006682
1_SFmean_a2 = 0.004798
1_SFmean_a3 = -0.000858
2_SFmean_a0 = 0.240431
2_SFmean_a1 = 0.005592
2_SFmean_a2 = -0.000975
2_SFmean_a3 = 0.000008
3_SFmean_a0 = 0.241966
3_SFmean_a1 = 0.003193
3_SFmean_a2 = 0.000403
3_SFmean_a3 = -0.000227
4_SFmean_a0 = 0.244104
4_SFmean_a1 = 0.000838
4_SFmean_a2 = 0.000657
4_SFmean_a3 = -0.000184
5_SFmean_a0 = 0.241785
5_SFmean_a1 = 0.004605
5_SFmean_a2 = -0.000557
5_SFmean_a3 = -0.000050
6_SFmean_a0 = 0.246903
6_SFmean_a1 = -0.004317
6_SFmean_a2 = 0.003496
6_SFmean_a3 = -0.000629
1_SFsigma_a0 = 0.024656
1_SFsigma_a1 = -0.012340
1_SFsigma_a2 = 0.004684
1_SFsigma_a3 = -0.000672
2_SFsigma_a0 = 0.018690
2_SFsigma_a1 = -0.000083
2_SFsigma_a2 = -0.002111
2_SFsigma_a3 = 0.000428
3_SFsigma_a0 = 0.024193
3_SFsigma_a1 = -0.009574
3_SFsigma_a2 = 0.002716
3_SFsigma_a3 = -0.000314
4_SFsigma_a0 = 0.020096
4_SFsigma_a1 = -0.003063
4_SFsigma_a2 = -0.000335
4_SFsigma_a3 = 0.000130
5_SFsigma_a0 = 0.020386
5_SFsigma_a1 = -0.003893
5_SFsigma_a2 = 0.000050
5_SFsigma_a3 = 0.000078
6_SFsigma_a0 = 0.018226
6_SFsigma_a1 = -0.000998
6_SFsigma_a2 = -0.001093
6_SFsigma_a3 = 0.000216