particle,sect,pdl,eff,eff_err,ko_eff,Q2lo,Q2hi
e,1,4,0.5825,0.0202,1,1.750,5.250
e,2,4,0.3577,0.0145,1,1.750,5.250
e,3,4,0.5424,0.0165,1,1.750,5.250
e,4,4,1.0061,0.0343,1,1.750,5.250
e,5,4,0.9939,0.0304,1,1.750,5.250
e,6,4,0.7276,0.0286,1,1.750,5.250
e,1,5,1.0712,0.0088,0,1.750,5.250
e,2,5,0.8400,0.0075,0,1.750,5.250
e,3,5,0.9350,0.0079,1,1.750,5.250
e,4,5,0.8126,0.0081,0,1.750,5.250
e,5,5,1.0650,0.0092,1,1.750,5.250
e,6,5,0.9284,0.0085,1,1.750,5.250
e,1,6,0.9907,0.0071,1,1.750,5.250
e,2,6,0.9211,0.0068,1,1.750,5.250
e,3,6,0.9061,0.0068,1,1.750,5.250
e,4,6,0.8442,0.0069,1,1.750,5.250
e,5,6,1.0093,0.0075,1,1.750,5.250
e,6,6,0.8918,0.0067,0,1.750,5.250
e,1,7,1.0232,0.0077,0,1.750,5.250
e,2,7,0.9836,0.0075,1,1.750,5.250
e,3,7,0.9956,0.0076,1,1.750,5.250
e,4,7,0.8750,0.0075,0,1.750,5.250
e,5,7,1.0044,0.0079,1,1.750,5.250
e,6,7,0.9167,0.0073,1,1.750,5.250
e,1,8,1.0016,0.0081,1,1.750,5.250
e,2,8,0.9859,0.0081,1,1.750,5.250
e,3,8,0.9364,0.0078,1,1.750,5.250
e,4,8,0.8966,0.0080,1,1.750,5.250
e,5,8,0.9984,0.0083,1,1.750,5.250
e,6,8,0.9754,0.0081,1,1.750,5.250
e,1,9,1.0085,0.0087,1,1.750,5.250
e,2,9,0.9915,0.0088,1,1.750,5.250
e,3,9,0.9413,0.0085,1,1.750,5.250
e,4,9,0.9199,0.0088,1,1.750,5.250
e,5,9,0.9664,0.0087,1,1.750,5.250
e,6,9,0.9814,0.0088,1,1.750,5.250
e,1,10,1.0050,0.0097,1,1.750,5.250
e,2,10,0.9645,0.0096,1,1.750,5.250
e,3,10,0.9886,0.0096,1,1.750,5.250
e,4,10,0.9950,0.0102,1,1.750,5.250
e,5,10,0.9613,0.0096,1,1.750,5.250
e,6,10,0.9779,0.0097,1,1.750,5.250
e,1,11,1.0194,0.0109,1,1.750,5.250
e,2,11,0.7679,0.0094,0,1.750,5.250
e,3,11,0.3614,0.0064,0,1.750,5.250
e,4,11,0.9664,0.0112,1,1.750,5.250
e,5,11,0.9516,0.0107,1,1.750,5.250
e,6,11,0.9806,0.0109,1,1.750,5.250
e,1,12,0.9959,0.0119,1,1.750,5.250
e,2,12,0.9581,0.0116,1,1.750,5.250
e,3,12,0.9932,0.0119,1,1.750,5.250
e,4,12,0.8489,0.0114,1,1.750,5.250
e,5,12,1.0041,0.0121,1,1.750,5.250
e,6,12,0.9776,0.0120,1,1.750,5.250
e,1,13,0.9917,0.0131,1,1.750,5.250
e,2,13,0.9745,0.0130,1,1.750,5.250
e,3,13,0.9582,0.0131,1,1.750,5.250
e,4,13,0.9277,0.0132,1,1.750,5.250
e,5,13,1.0083,0.0135,1,1.750,5.250
e,6,13,0.9642,0.0131,1,1.750,5.250
e,1,14,0.9622,0.0145,1,1.750,5.250
e,2,14,0.9613,0.0144,1,1.750,5.250
e,3,14,0.8667,0.0140,1,1.750,5.250
e,4,14,0.8797,0.0143,1,1.750,5.250
e,5,14,1.0330,0.0153,1,1.750,5.250
e,6,14,0.9670,0.0146,1,1.750,5.250
e,1,15,1.0187,0.0167,1,1.750,5.250
e,2,15,0.9813,0.0162,1,1.750,5.250
e,3,15,0.9156,0.0162,1,1.750,5.250
e,4,15,0.9316,0.0164,1,1.750,5.250
e,5,15,1.0488,0.0172,0,1.750,5.250
e,6,15,0.9161,0.0159,1,1.750,5.250
e,1,16,1.0106,0.0182,1,1.750,5.250
e,2,16,0.5528,0.0134,0,1.750,5.250
e,3,16,0.9762,0.0181,1,1.750,5.250
e,4,16,0.9356,0.0181,1,1.750,5.250
e,5,16,0.9894,0.0183,1,1.750,5.250
e,6,16,0.9078,0.0179,1,1.750,5.250
e,1,17,0.9824,0.0197,1,1.750,5.250
e,2,17,0.9652,0.0197,1,1.750,5.250
e,3,17,1.0176,0.0203,1,1.750,5.250
e,4,17,0.9699,0.0203,1,1.750,5.250
e,5,17,0.9189,0.0193,1,1.750,5.250
e,6,17,0.8710,0.0199,1,1.750,5.250
e,1,18,0.9973,0.0219,1,1.750,5.250
e,2,18,0.9554,0.0216,1,1.750,5.250
e,3,18,1.0027,0.0222,1,1.750,5.250
e,4,18,0.9111,0.0216,1,1.750,5.250
e,5,18,0.7201,0.0188,0,1.750,5.250
e,6,18,0.6548,0.0189,0,1.750,5.250
e,1,19,0.9779,0.0243,1,1.750,5.250
e,2,19,1.0221,0.0249,1,1.750,5.250
e,3,19,0.9702,0.0245,1,1.750,5.250
e,4,19,0.9183,0.0243,0,1.750,5.250
e,5,19,0.9690,0.0244,1,1.750,5.250
e,6,19,0.9433,0.0240,1,1.750,5.250
e,1,20,0.9779,0.0273,1,1.750,5.250
e,2,20,1.0008,0.0277,1,1.750,5.250
e,3,20,0.9740,0.0276,1,1.750,5.250
e,4,20,0.9992,0.0285,1,1.750,5.250
e,5,20,1.0424,0.0285,0,1.750,5.250
e,6,20,0.9872,0.0278,1,1.750,5.250
e,1,21,0.9630,0.0294,1,1.750,5.250
e,2,21,1.0129,0.0305,1,1.750,5.250
e,3,21,0.8359,0.0270,1,1.750,5.250
e,4,21,0.8478,0.0286,1,1.750,5.250
e,5,21,0.9317,0.0289,0,1.750,5.250
e,6,21,0.9871,0.0305,1,1.750,5.250
e,1,22,0.7055,0.0397,1,1.750,5.250
e,2,22,0.8924,0.0501,1,1.750,5.250
e,3,22,0.7359,0.0412,1,1.750,5.250
e,4,22,1.1076,0.0607,1,1.750,5.250
e,5,22,0.7777,0.0425,1,1.750,5.250
e,6,22,0.8387,0.0478,1,1.750,5.250
e,1,23,0.7391,0.1950,1,1.750,5.250
e,2,23,1.2609,0.2682,1,1.750,5.250
e,3,23,0.5415,0.1489,1,1.750,5.250
e,4,23,0.6402,0.1581,1,1.750,5.250
e,5,23,0.3267,0.1201,1,1.750,5.250
e,6,23,0.4913,0.1443,1,1.750,5.250
e,2,24,1.0000,0.9129,1,1.750,5.250
e,3,24,0.3333,0.4082,0,1.750,5.250
e,4,24,2.6667,2.9814,0,1.750,5.250
p,1,3,0.6297,0.2342,1,1.750,5.250
p,2,3,0.5148,0.1668,1,1.750,5.250
p,3,3,1.1954,0.2459,1,1.750,5.250
p,4,3,0.8046,0.2120,1,1.750,5.250
p,5,3,0.5877,0.1825,1,1.750,5.250
p,6,3,0.3488,0.1517,1,1.750,5.250
p,1,4,0.5039,0.0654,1,1.750,5.250
p,2,4,0.4362,0.0586,1,1.750,5.250
p,3,4,0.9932,0.0858,1,1.750,5.250
p,4,4,1.0068,0.0884,1,1.750,5.250
p,5,4,0.6557,0.0733,1,1.750,5.250
p,6,4,0.6162,0.0728,1,1.750,5.250
p,1,5,0.6931,0.0433,0,1.750,5.250
p,2,5,0.6351,0.0407,0,1.750,5.250
p,3,5,1.0976,0.0532,1,1.750,5.250
p,4,5,0.9830,0.0505,0,1.750,5.250
p,5,5,0.9024,0.0489,1,1.750,5.250
p,6,5,0.8644,0.0519,1,1.750,5.250
p,1,6,0.7913,0.0296,1,1.750,5.250
p,2,6,0.9528,0.0318,1,1.750,5.250
p,3,6,1.0355,0.0334,1,1.750,5.250
p,4,6,0.9477,0.0321,1,1.750,5.250
p,5,6,0.9645,0.0324,1,1.750,5.250
p,6,6,0.8835,0.0321,0,1.750,5.250
p,1,7,0.8203,0.0209,0,1.750,5.250
p,2,7,0.9544,0.0224,1,1.750,5.250
p,3,7,1.0146,0.0232,1,1.750,5.250
p,4,7,1.0389,0.0234,0,1.750,5.250
p,5,7,0.9854,0.0229,1,1.750,5.250
p,6,7,0.9016,0.0223,1,1.750,5.250
p,1,8,0.8639,0.0164,1,1.750,5.250
p,2,8,0.8895,0.0164,1,1.750,5.250
p,3,8,1.0136,0.0177,1,1.750,5.250
p,4,8,0.9864,0.0174,1,1.750,5.250
p,5,8,0.9705,0.0173,1,1.750,5.250
p,6,8,0.9722,0.0173,1,1.750,5.250
p,1,9,0.8527,0.0131,1,1.750,5.250
p,2,9,0.8998,0.0134,1,1.750,5.250
p,3,9,0.9481,0.0139,1,1.750,5.250
p,4,9,1.0002,0.0141,1,1.750,5.250
p,5,9,0.9788,0.0141,1,1.750,5.250
p,6,9,0.9998,0.0143,1,1.750,5.250
p,1,10,0.8914,0.0119,1,1.750,5.250
p,2,10,0.9364,0.0121,1,1.750,5.250
p,3,10,1.0138,0.0127,1,1.750,5.250
p,4,10,0.9839,0.0124,1,1.750,5.250
p,5,10,0.9795,0.0124,1,1.750,5.250
p,6,10,0.9862,0.0124,1,1.750,5.250
p,1,11,0.9159,0.0109,1,1.750,5.250
p,2,11,0.9570,0.0110,0,1.750,5.250
p,3,11,0.4389,0.0075,0,1.750,5.250
p,4,11,0.9241,0.0108,1,1.750,5.250
p,5,11,0.9699,0.0111,1,1.750,5.250
p,6,11,1.0301,0.0115,1,1.750,5.250
p,1,12,0.8568,0.0098,1,1.750,5.250
p,2,12,0.9698,0.0103,1,1.750,5.250
p,3,12,0.9633,0.0104,1,1.750,5.250
p,4,12,0.9029,0.0100,1,1.750,5.250
p,5,12,0.9361,0.0102,1,1.750,5.250
p,6,12,1.0302,0.0106,1,1.750,5.250
p,1,13,0.8764,0.0096,1,1.750,5.250
p,2,13,0.9796,0.0101,1,1.750,5.250
p,3,13,0.9569,0.0101,1,1.750,5.250
p,4,13,0.8904,0.0096,1,1.750,5.250
p,5,13,0.9243,0.0098,1,1.750,5.250
p,6,13,1.0204,0.0103,1,1.750,5.250
p,1,14,0.8507,0.0094,1,1.750,5.250
p,2,14,0.9853,0.0101,1,1.750,5.250
p,3,14,0.9550,0.0100,1,1.750,5.250
p,4,14,0.8514,0.0093,1,1.750,5.250
p,5,14,0.8831,0.0096,1,1.750,5.250
p,6,14,1.0147,0.0102,1,1.750,5.250
p,1,15,0.8479,0.0095,1,1.750,5.250
p,2,15,0.9826,0.0102,1,1.750,5.250
p,3,15,0.9352,0.0101,1,1.750,5.250
p,4,15,0.8393,0.0094,1,1.750,5.250
p,5,15,0.8742,0.0096,0,1.750,5.250
p,6,15,1.0174,0.0104,1,1.750,5.250
p,1,16,0.8950,0.0104,1,1.750,5.250
p,2,16,0.5930,0.0084,0,1.750,5.250
p,3,16,0.8915,0.0106,1,1.750,5.250
p,4,16,0.9038,0.0104,1,1.750,5.250
p,5,16,0.9443,0.0107,1,1.750,5.250
p,6,16,1.0557,0.0113,1,1.750,5.250
p,1,17,0.8296,0.0101,1,1.750,5.250
p,2,17,1.0044,0.0111,1,1.750,5.250
p,3,17,0.8302,0.0103,1,1.750,5.250
p,4,17,0.8199,0.0099,1,1.750,5.250
p,5,17,0.8642,0.0103,1,1.750,5.250
p,6,17,0.9956,0.0110,1,1.750,5.250
p,1,18,0.8838,0.0115,1,1.750,5.250
p,2,18,1.0711,0.0128,1,1.750,5.250
p,3,18,0.9289,0.0119,1,1.750,5.250
p,4,18,0.8949,0.0115,1,1.750,5.250
p,5,18,0.7591,0.0106,0,1.750,5.250
p,6,18,1.0504,0.0128,0,1.750,5.250
p,1,19,0.8691,0.0120,1,1.750,5.250
p,2,19,1.0419,0.0133,1,1.750,5.250
p,3,19,0.9293,0.0125,1,1.750,5.250
p,4,19,0.8550,0.0118,0,1.750,5.250
p,5,19,0.9369,0.0125,1,1.750,5.250
p,6,19,0.9581,0.0129,1,1.750,5.250
p,1,20,0.8879,0.0132,1,1.750,5.250
p,2,20,1.0175,0.0143,1,1.750,5.250
p,3,20,0.9825,0.0140,1,1.750,5.250
p,4,20,0.8925,0.0132,1,1.750,5.250
p,5,20,0.9825,0.0139,0,1.750,5.250
p,6,20,0.9473,0.0139,1,1.750,5.250
p,1,21,0.8723,0.0141,1,1.750,5.250
p,2,21,1.0281,0.0153,1,1.750,5.250
p,3,21,0.9480,0.0147,1,1.750,5.250
p,4,21,0.8634,0.0139,1,1.750,5.250
p,5,21,0.9339,0.0145,0,1.750,5.250
p,6,21,0.9719,0.0148,1,1.750,5.250
p,1,22,0.8470,0.0152,1,1.750,5.250
p,2,22,1.0290,0.0168,1,1.750,5.250
p,3,22,0.9450,0.0160,1,1.750,5.250
p,4,22,0.9033,0.0156,1,1.750,5.250
p,5,22,0.9710,0.0164,1,1.750,5.250
p,6,22,0.9494,0.0160,1,1.750,5.250
p,1,23,0.7975,0.0158,1,1.750,5.250
p,2,23,1.0070,0.0173,1,1.750,5.250
p,3,23,0.9310,0.0169,1,1.750,5.250
p,4,23,0.8290,0.0155,1,1.750,5.250
p,5,23,0.8667,0.0167,1,1.750,5.250
p,6,23,0.9930,0.0175,1,1.750,5.250
p,1,24,0.8926,0.0160,0,1.750,5.250
p,2,24,1.0307,0.0172,1,1.750,5.250
p,3,24,0.9510,0.0164,0,1.750,5.250
p,4,24,0.8968,0.0159,0,1.750,5.250
p,5,24,0.9651,0.0165,1,1.750,5.250
p,6,24,0.9693,0.0165,1,1.750,5.250
p,1,25,0.9410,0.0194,1,1.750,5.250
p,2,25,1.0590,0.0211,1,1.750,5.250
p,3,25,0.8152,0.0175,0,1.750,5.250
p,4,25,0.9024,0.0189,1,1.750,5.250
p,5,25,0.9309,0.0187,1,1.750,5.250
p,6,25,0.9092,0.0187,1,1.750,5.250
p,1,26,0.9266,0.0237,1,1.750,5.250
p,2,26,1.0734,0.0267,1,1.750,5.250
p,3,26,0.9098,0.0231,1,1.750,5.250
p,4,26,0.8645,0.0226,1,1.750,5.250
p,5,26,0.8377,0.0216,1,1.750,5.250
p,6,26,0.8575,0.0222,1,1.750,5.250
p,1,27,0.9343,0.0326,1,1.750,5.250
p,2,27,1.0657,0.0365,1,1.750,5.250
p,3,27,0.8825,0.0308,0,1.750,5.250
p,4,27,0.9343,0.0328,1,1.750,5.250
p,5,27,0.8279,0.0291,1,1.750,5.250
p,6,27,0.8055,0.0292,1,1.750,5.250
p,1,28,1.0280,0.0666,1,1.750,5.250
p,2,28,1.0526,0.0696,0,1.750,5.250
p,3,28,0.8266,0.0568,0,1.750,5.250
p,4,28,0.9720,0.0652,1,1.750,5.250
p,5,28,1.0316,0.0676,0,1.750,5.250
p,6,28,0.7008,0.0503,1,1.750,5.250
p,1,29,0.5716,0.1705,1,1.750,5.250
p,2,29,0.9249,0.3591,1,1.750,5.250
p,3,29,0.6263,0.3199,1,1.750,5.250
p,4,29,0.8600,0.3881,1,1.750,5.250
p,5,29,1.0751,0.4409,1,1.750,5.250
p,6,29,0.3862,0.1669,1,1.750,5.250
pip,1,3,0.9650,0.6657,1,1.750,5.250
pip,2,3,0.2808,0.1825,1,1.750,5.250
pip,3,3,0.7664,0.2883,1,1.750,5.250
pip,4,3,1.0350,0.4162,1,1.750,5.250
pip,5,3,0.2195,0.1981,1,1.750,5.250
pip,6,3,0.2012,0.1928,1,1.750,5.250
pip,1,4,1.1020,0.2542,1,1.750,5.250
pip,2,4,0.5842,0.1383,1,1.750,5.250
pip,3,4,0.5974,0.1295,1,1.750,5.250
pip,4,4,0.8980,0.1720,1,1.750,5.250
pip,5,4,0.6317,0.1415,1,1.750,5.250
pip,6,4,0.6318,0.1612,1,1.750,5.250
pip,1,5,0.9976,0.1005,0,1.750,5.250
pip,2,5,0.8489,0.0858,0,1.750,5.250
pip,3,5,1.0853,0.0933,1,1.750,5.250
pip,4,5,1.2988,0.1071,0,1.750,5.250
pip,5,5,0.6105,0.0737,1,1.750,5.250
pip,6,5,0.9147,0.1031,1,1.750,5.250
pip,1,6,1.0077,0.0675,1,1.750,5.250
pip,2,6,0.9454,0.0620,1,1.750,5.250
pip,3,6,0.9923,0.0634,1,1.750,5.250
pip,4,6,0.9769,0.0651,1,1.750,5.250
pip,5,6,0.8397,0.0614,1,1.750,5.250
pip,6,6,1.0846,0.0740,0,1.750,5.250
pip,1,7,0.9923,0.0446,0,1.750,5.250
pip,2,7,0.9141,0.0415,1,1.750,5.250
pip,3,7,0.9323,0.0417,1,1.750,5.250
pip,4,7,0.9033,0.0412,0,1.750,5.250
pip,5,7,1.0118,0.0449,1,1.750,5.250
pip,6,7,0.9882,0.0468,1,1.750,5.250
pip,1,8,0.9949,0.0336,1,1.750,5.250
pip,2,8,0.9909,0.0330,1,1.750,5.250
pip,3,8,0.9903,0.0328,1,1.750,5.250
pip,4,8,0.9048,0.0315,1,1.750,5.250
pip,5,8,0.9214,0.0324,1,1.750,5.250
pip,6,8,1.0051,0.0351,1,1.750,5.250
pip,1,9,0.9578,0.0261,1,1.750,5.250
pip,2,9,0.9939,0.0266,1,1.750,5.250
pip,3,9,0.9709,0.0262,1,1.750,5.250
pip,4,9,1.0061,0.0267,1,1.750,5.250
pip,5,9,0.9870,0.0268,1,1.750,5.250
pip,6,9,0.9513,0.0271,1,1.750,5.250
pip,1,10,0.9004,0.0210,1,1.750,5.250
pip,2,10,0.9929,0.0222,1,1.750,5.250
pip,3,10,1.0071,0.0222,1,1.750,5.250
pip,4,10,0.9036,0.0210,1,1.750,5.250
pip,5,10,0.9250,0.0215,1,1.750,5.250
pip,6,10,0.9534,0.0226,1,1.750,5.250
pip,1,11,0.9831,0.0200,1,1.750,5.250
pip,2,11,1.0269,0.0207,0,1.750,5.250
pip,3,11,0.0823,0.0057,0,1.750,5.250
pip,4,11,0.9307,0.0195,1,1.750,5.250
pip,5,11,1.0169,0.0205,1,1.750,5.250
pip,6,11,0.9478,0.0207,1,1.750,5.250
pip,1,12,0.9665,0.0176,1,1.750,5.250
pip,2,12,0.9868,0.0180,1,1.750,5.250
pip,3,12,1.0132,0.0183,1,1.750,5.250
pip,4,12,0.9224,0.0172,1,1.750,5.250
pip,5,12,0.9176,0.0173,1,1.750,5.250
pip,6,12,0.9280,0.0183,1,1.750,5.250
pip,1,13,0.9523,0.0162,1,1.750,5.250
pip,2,13,1.0201,0.0172,1,1.750,5.250
pip,3,13,0.9799,0.0167,1,1.750,5.250
pip,4,13,0.9008,0.0159,1,1.750,5.250
pip,5,13,0.9266,0.0162,1,1.750,5.250
pip,6,13,0.9374,0.0172,1,1.750,5.250
pip,1,14,0.9728,0.0157,1,1.750,5.250
pip,2,14,1.0272,0.0165,1,1.750,5.250
pip,3,14,0.9637,0.0160,1,1.750,5.250
pip,4,14,0.8866,0.0151,1,1.750,5.250
pip,5,14,0.9437,0.0158,1,1.750,5.250
pip,6,14,0.9428,0.0167,1,1.750,5.250
pip,1,15,0.9893,0.0154,1,1.750,5.250
pip,2,15,1.0107,0.0159,1,1.750,5.250
pip,3,15,0.9663,0.0155,1,1.750,5.250
pip,4,15,0.9013,0.0148,1,1.750,5.250
pip,5,15,0.8997,0.0149,0,1.750,5.250
pip,6,15,0.9166,0.0160,1,1.750,5.250
pip,1,16,0.9976,0.0153,1,1.750,5.250
pip,2,16,0.8216,0.0143,0,1.750,5.250
pip,3,16,1.0024,0.0160,1,1.750,5.250
pip,4,16,0.9449,0.0151,1,1.750,5.250
pip,5,16,0.9677,0.0155,1,1.750,5.250
pip,6,16,0.9601,0.0165,1,1.750,5.250
pip,1,17,0.9505,0.0144,1,1.750,5.250
pip,2,17,1.0495,0.0156,1,1.750,5.250
pip,3,17,0.9151,0.0150,1,1.750,5.250
pip,4,17,0.9108,0.0144,1,1.750,5.250
pip,5,17,0.9246,0.0147,1,1.750,5.250
pip,6,17,0.9386,0.0159,1,1.750,5.250
pip,1,18,0.9825,0.0147,1,1.750,5.250
pip,2,18,1.0175,0.0154,1,1.750,5.250
pip,3,18,0.9105,0.0152,1,1.750,5.250
pip,4,18,0.9461,0.0147,1,1.750,5.250
pip,5,18,1.0048,0.0154,0,1.750,5.250
pip,6,18,0.6359,0.0131,0,1.750,5.250
pip,1,19,0.9825,0.0147,1,1.750,5.250
pip,2,19,1.0175,0.0155,1,1.750,5.250
pip,3,19,0.9198,0.0154,1,1.750,5.250
pip,4,19,0.8861,0.0143,0,1.750,5.250
pip,5,19,0.9276,0.0149,1,1.750,5.250
pip,6,19,0.9227,0.0162,1,1.750,5.250
pip,1,20,0.9859,0.0149,1,1.750,5.250
pip,2,20,1.0141,0.0158,1,1.750,5.250
pip,3,20,0.9534,0.0158,1,1.750,5.250
pip,4,20,0.9172,0.0148,1,1.750,5.250
pip,5,20,0.9430,0.0153,0,1.750,5.250
pip,6,20,0.9037,0.0166,1,1.750,5.250
pip,1,21,1.0053,0.0153,1,1.750,5.250
pip,2,21,0.9947,0.0160,1,1.750,5.250
pip,3,21,0.9570,0.0158,1,1.750,5.250
pip,4,21,0.8998,0.0148,1,1.750,5.250
pip,5,21,0.9404,0.0155,0,1.750,5.250
pip,6,21,0.9335,0.0175,1,1.750,5.250
pip,1,22,0.9980,0.0157,1,1.750,5.250
pip,2,22,1.0020,0.0165,1,1.750,5.250
pip,3,22,0.9485,0.0161,1,1.750,5.250
pip,4,22,0.9406,0.0158,1,1.750,5.250
pip,5,22,0.9595,0.0164,1,1.750,5.250
pip,6,22,0.9403,0.0185,1,1.750,5.250
pip,1,23,0.9747,0.0152,1,1.750,5.250
pip,2,23,0.9746,0.0154,1,1.750,5.250
pip,3,23,0.8824,0.0149,1,1.750,5.250
pip,4,23,0.8910,0.0146,1,1.750,5.250
pip,5,23,0.9184,0.0158,1,1.750,5.250
pip,6,23,1.0253,0.0186,1,1.750,5.250
pip,1,24,1.0539,0.0132,0,1.750,5.250
pip,2,24,1.0037,0.0133,1,1.750,5.250
pip,3,24,0.8549,0.0123,0,1.750,5.250
pip,4,24,0.9395,0.0129,0,1.750,5.250
pip,5,24,0.9963,0.0137,1,1.750,5.250
pip,6,24,0.9939,0.0151,1,1.750,5.250
pip,1,25,1.0017,0.0130,1,1.750,5.250
pip,2,25,0.9983,0.0134,1,1.750,5.250
pip,3,25,0.9090,0.0126,0,1.750,5.250
pip,4,25,0.8853,0.0125,1,1.750,5.250
pip,5,25,0.9310,0.0132,1,1.750,5.250
pip,6,25,0.9424,0.0143,1,1.750,5.250
pip,1,26,0.9877,0.0130,1,1.750,5.250
pip,2,26,1.0123,0.0135,1,1.750,5.250
pip,3,26,0.8716,0.0123,1,1.750,5.250
pip,4,26,0.8739,0.0124,1,1.750,5.250
pip,5,26,0.8749,0.0128,1,1.750,5.250
pip,6,26,0.9293,0.0139,1,1.750,5.250
pip,1,27,1.0038,0.0137,1,1.750,5.250
pip,2,27,0.9962,0.0141,1,1.750,5.250
pip,3,27,0.8779,0.0130,0,1.750,5.250
pip,4,27,0.9018,0.0133,1,1.750,5.250
pip,5,27,0.9371,0.0140,1,1.750,5.250
pip,6,27,0.9553,0.0150,1,1.750,5.250
pip,1,28,1.0192,0.0145,1,1.750,5.250
pip,2,28,1.0257,0.0150,0,1.750,5.250
pip,3,28,0.9419,0.0142,0,1.750,5.250
pip,4,28,0.9322,0.0143,1,1.750,5.250
pip,5,28,0.9493,0.0148,0,1.750,5.250
pip,6,28,0.9808,0.0159,1,1.750,5.250
pip,1,29,0.9861,0.0148,1,1.750,5.250
pip,2,29,1.0139,0.0155,1,1.750,5.250
pip,3,29,0.9258,0.0147,1,1.750,5.250
pip,4,29,0.9181,0.0148,1,1.750,5.250
pip,5,29,0.9569,0.0156,1,1.750,5.250
pip,6,29,0.9715,0.0165,1,1.750,5.250
pip,1,30,0.9917,0.0156,1,1.750,5.250
pip,2,30,1.0083,0.0163,1,1.750,5.250
pip,3,30,0.9229,0.0155,1,1.750,5.250
pip,4,30,0.9060,0.0155,0,1.750,5.250
pip,5,30,0.9542,0.0164,1,1.750,5.250
pip,6,30,0.9590,0.0173,1,1.750,5.250
pip,1,31,1.0130,0.0168,1,1.750,5.250
pip,2,31,0.9870,0.0171,1,1.750,5.250
pip,3,31,0.9114,0.0164,1,1.750,5.250
pip,4,31,0.9100,0.0166,1,1.750,5.250
pip,5,31,0.9238,0.0171,1,1.750,5.250
pip,6,31,0.9506,0.0182,1,1.750,5.250
pip,1,32,1.0068,0.0180,1,1.750,5.250
pip,2,32,0.9932,0.0186,1,1.750,5.250
pip,3,32,0.9320,0.0182,1,1.750,5.250
pip,4,32,0.9246,0.0180,1,1.750,5.250
pip,5,32,0.9368,0.0185,1,1.750,5.250
pip,6,32,0.9843,0.0199,1,1.750,5.250
pip,1,33,0.9856,0.0190,1,1.750,5.250
pip,2,33,1.0144,0.0199,1,1.750,5.250
pip,3,33,0.8757,0.0187,1,1.750,5.250
pip,4,33,0.9010,0.0190,1,1.750,5.250
pip,5,33,0.9655,0.0201,1,1.750,5.250
pip,6,33,0.9475,0.0207,1,1.750,5.250
pip,1,34,0.9954,0.0206,1,1.750,5.250
pip,2,34,0.9520,0.0211,1,1.750,5.250
pip,3,34,0.8847,0.0202,1,1.750,5.250
pip,4,34,0.8634,0.0200,0,1.750,5.250
pip,5,34,0.9643,0.0218,0,1.750,5.250
pip,6,34,1.0046,0.0231,1,1.750,5.250
pip,1,35,0.9890,0.0221,1,1.750,5.250
pip,2,35,1.0110,0.0232,1,1.750,5.250
pip,3,35,0.9396,0.0226,1,1.750,5.250
pip,4,35,0.9103,0.0224,1,1.750,5.250
pip,5,35,0.9742,0.0239,1,1.750,5.250
pip,6,35,0.9102,0.0238,1,1.750,5.250
pip,1,36,1.0049,0.0237,1,1.750,5.250
pip,2,36,0.9901,0.0246,1,1.750,5.250
pip,3,36,0.9510,0.0242,1,1.750,5.250
pip,4,36,0.9380,0.0244,1,1.750,5.250
pip,5,36,0.8478,0.0237,0,1.750,5.250
pip,6,36,0.9951,0.0266,1,1.750,5.250
pip,1,37,1.0237,0.0252,1,1.750,5.250
pip,2,37,0.9702,0.0254,1,1.750,5.250
pip,3,37,0.9763,0.0257,1,1.750,5.250
pip,4,37,0.9623,0.0258,1,1.750,5.250
pip,5,37,0.9642,0.0267,1,1.750,5.250
pip,6,37,0.9568,0.0274,1,1.750,5.250
pip,1,38,0.9958,0.0264,1,1.750,5.250
pip,2,38,0.9415,0.0265,0,1.750,5.250
pip,3,38,0.9110,0.0263,1,1.750,5.250
pip,4,38,0.9268,0.0269,1,1.750,5.250
pip,5,38,0.9317,0.0278,1,1.750,5.250
pip,6,38,1.0042,0.0296,1,1.750,5.250
pip,1,39,0.9509,0.0277,1,1.750,5.250
pip,2,39,0.9953,0.0295,1,1.750,5.250
pip,3,39,1.0047,0.0301,1,1.750,5.250
pip,4,39,0.8903,0.0287,1,1.750,5.250
pip,5,39,0.9813,0.0308,1,1.750,5.250
pip,6,39,0.9464,0.0310,1,1.750,5.250
pip,1,40,1.0631,0.0240,1,1.750,5.250
pip,2,40,0.8298,0.0223,1,1.750,5.250
pip,3,40,0.8072,0.0220,1,1.750,5.250
pip,4,40,0.9369,0.0240,1,1.750,5.250
pip,5,40,0.9251,0.0243,1,1.750,5.250
pip,6,40,0.9462,0.0251,0,1.750,5.250
pip,1,41,0.8647,0.0254,1,1.750,5.250
pip,2,41,0.7456,0.0248,1,1.750,5.250
pip,3,41,0.8670,0.0272,1,1.750,5.250
pip,4,41,0.9831,0.0291,1,1.750,5.250
pip,5,41,0.9405,0.0287,1,1.750,5.250
pip,6,41,1.0169,0.0307,1,1.750,5.250
pip,1,42,1.0330,0.0356,1,1.750,5.250
pip,2,42,0.9370,0.0346,1,1.750,5.250
pip,3,42,0.9670,0.0377,1,1.750,5.250
pip,4,42,1.0528,0.0387,0,1.750,5.250
pip,5,42,0.9152,0.0365,1,1.750,5.250
pip,6,42,0.9563,0.0382,1,1.750,5.250
pip,1,43,1.0121,0.0390,1,1.750,5.250
pip,2,43,0.8247,0.0359,1,1.750,5.250
pip,3,43,0.7150,0.0357,1,1.750,5.250
pip,4,43,0.9524,0.0402,1,1.750,5.250
pip,5,43,0.9879,0.0418,1,1.750,5.250
pip,6,43,0.8208,0.0390,1,1.750,5.250
pip,1,44,0.9480,0.0447,1,1.750,5.250
pip,2,44,1.0520,0.0481,1,1.750,5.250
pip,3,44,0.7603,0.0436,1,1.750,5.250
pip,4,44,0.9300,0.0464,1,1.750,5.250
pip,5,44,0.8787,0.0457,1,1.750,5.250
pip,6,44,0.6930,0.0429,1,1.750,5.250
pip,1,45,1.0239,0.0597,1,1.750,5.250
pip,2,45,0.1384,0.0217,1,1.750,5.250
pip,3,45,0.8352,0.0568,1,1.750,5.250
pip,4,45,1.1190,0.0647,0,1.750,5.250
pip,5,45,0.9761,0.0610,1,1.750,5.250
pip,6,45,0.8764,0.0607,1,1.750,5.250
pip,1,46,0.6847,0.0561,1,1.750,5.250
pip,2,46,0.9503,0.0661,1,1.750,5.250
pip,3,46,0.1267,0.0246,1,1.750,5.250
pip,4,46,0.9833,0.0734,1,1.750,5.250
pip,5,46,0.6017,0.0548,1,1.750,5.250
pip,6,46,1.0167,0.0767,1,1.750,5.250
pip,1,47,0.8670,0.0915,1,1.750,5.250
pip,2,47,1.0854,0.1021,1,1.750,5.250
pip,3,47,0.5923,0.0754,1,1.750,5.250
pip,4,47,0.9146,0.1058,1,1.750,5.250
pip,5,47,0.8346,0.0945,1,1.750,5.250
pip,6,47,0.4682,0.0817,1,1.750,5.250
pip,1,48,0.8538,0.1158,1,1.750,5.250
pip,2,48,1.0779,0.1271,1,1.750,5.250
pip,3,48,0.5173,0.0865,1,1.750,5.250
pip,4,48,0.9221,0.1336,1,1.750,5.250
pip,5,48,0.4089,0.0857,1,1.750,5.250
pip,6,48,0.8276,0.1570,1,1.750,5.250
pip,4,2,1.0000,1.2053,1,1.750,5.250
