particle,sect,pdl,eff,eff_err,ko_eff,Q2lo,Q2hi
e,1,2,0.7677,0.0172,1,1.750,5.250
e,2,2,1.0527,0.0308,1,1.750,5.250
e,3,2,0.7801,0.0177,1,1.750,5.250
e,4,2,0.7021,0.0179,1,1.750,5.250
e,5,2,8.2419,0.5469,0,1.750,5.250
e,6,2,0.9473,0.0215,1,1.750,5.250
e,1,3,0.8674,0.0079,1,1.750,5.250
e,2,3,0.9829,0.0098,1,1.750,5.250
e,3,3,0.8407,0.0079,1,1.750,5.250
e,4,3,0.8286,0.0080,1,1.750,5.250
e,5,3,0.2034,0.0053,0,1.750,5.250
e,6,3,1.0171,0.0087,1,1.750,5.250
e,1,4,0.9430,0.0077,1,1.750,5.250
e,2,4,0.9347,0.0084,1,1.750,5.250
e,3,4,0.9203,0.0078,1,1.750,5.250
e,4,4,0.9561,0.0082,1,1.750,5.250
e,5,4,0.6273,0.0078,1,1.750,5.250
e,6,4,1.0439,0.0085,1,1.750,5.250
e,1,5,0.9654,0.0080,1,1.750,5.250
e,2,5,0.7895,0.0075,0,1.750,5.250
e,3,5,0.9504,0.0080,1,1.750,5.250
e,4,5,0.9014,0.0079,1,1.750,5.250
e,5,5,0.9960,0.0089,0,1.750,5.250
e,6,5,1.0346,0.0083,1,1.750,5.250
e,1,6,0.9919,0.0088,1,1.750,5.250
e,2,6,0.9150,0.0086,1,1.750,5.250
e,3,6,0.9429,0.0085,1,1.750,5.250
e,4,6,0.7716,0.0078,1,1.750,5.250
e,5,6,1.0081,0.0098,1,1.750,5.250
e,6,6,0.9431,0.0084,1,1.750,5.250
e,1,7,0.9999,0.0097,1,1.750,5.250
e,2,7,0.9367,0.0095,1,1.750,5.250
e,3,7,1.0001,0.0096,1,1.750,5.250
e,4,7,0.8006,0.0088,1,1.750,5.250
e,5,7,0.9343,0.0106,1,1.750,5.250
e,6,7,0.9329,0.0093,1,1.750,5.250
e,1,8,0.8823,0.0094,1,1.750,5.250
e,2,8,0.8576,0.0095,1,1.750,5.250
e,3,8,0.8804,0.0094,1,1.750,5.250
e,4,8,0.8647,0.0097,1,1.750,5.250
e,5,8,0.9854,0.0106,1,1.750,5.250
e,6,8,1.0146,0.0103,1,1.750,5.250
e,1,9,0.9245,0.0108,1,1.750,5.250
e,2,9,0.8919,0.0109,1,1.750,5.250
e,3,9,0.9217,0.0107,1,1.750,5.250
e,4,9,0.9711,0.0115,1,1.750,5.250
e,5,9,0.8859,0.0107,1,1.750,5.250
e,6,9,1.0289,0.0116,1,1.750,5.250
e,1,10,0.9137,0.0120,1,1.750,5.250
e,2,10,0.8767,0.0120,1,1.750,5.250
e,3,10,0.9410,0.0121,1,1.750,5.250
e,4,10,0.9721,0.0129,1,1.750,5.250
e,5,10,0.9476,0.0123,1,1.750,5.250
e,6,10,1.0279,0.0129,1,1.750,5.250
e,1,11,0.9197,0.0135,1,1.750,5.250
e,2,11,0.8447,0.0131,1,1.750,5.250
e,3,11,7.0521,0.1131,0,1.750,5.250
e,4,11,0.9218,0.0141,1,1.750,5.250
e,5,11,0.9613,0.0139,1,1.750,5.250
e,6,11,1.0387,0.0146,1,1.750,5.250
e,1,12,0.8983,0.0149,1,1.750,5.250
e,2,12,0.7513,0.0134,0,1.750,5.250
e,3,12,0.9065,0.0146,1,1.750,5.250
e,4,12,0.8351,0.0146,1,1.750,5.250
e,5,12,0.9650,0.0154,1,1.750,5.250
e,6,12,1.0350,0.0163,1,1.750,5.250
e,1,13,0.9552,0.0174,1,1.750,5.250
e,2,13,0.8342,0.0162,1,1.750,5.250
e,3,13,0.9394,0.0170,1,1.750,5.250
e,4,13,0.8743,0.0170,1,1.750,5.250
e,5,13,0.8066,0.0160,1,1.750,5.250
e,6,13,1.0448,0.0186,1,1.750,5.250
e,1,14,0.8850,0.0180,1,1.750,5.250
e,2,14,0.7775,0.0168,1,1.750,5.250
e,3,14,0.8802,0.0177,1,1.750,5.250
e,4,14,0.8368,0.0177,1,1.750,5.250
e,5,14,0.9871,0.0193,1,1.750,5.250
e,6,14,1.0129,0.0196,1,1.750,5.250
e,1,15,0.9630,0.0214,1,1.750,5.250
e,2,15,0.8267,0.0196,1,1.750,5.250
e,3,15,0.9006,0.0204,1,1.750,5.250
e,4,15,0.9271,0.0211,1,1.750,5.250
e,5,15,0.9731,0.0217,1,1.750,5.250
e,6,15,1.0269,0.0222,1,1.750,5.250
e,1,16,0.9246,0.0235,1,1.750,5.250
e,2,16,0.7028,0.0201,1,1.750,5.250
e,3,16,0.9394,0.0233,0,1.750,5.250
e,4,16,0.8573,0.0225,1,1.750,5.250
e,5,16,1.0399,0.0249,1,1.750,5.250
e,6,16,0.9601,0.0238,1,1.750,5.250
e,1,17,0.9327,0.0271,1,1.750,5.250
e,2,17,0.9157,0.0267,1,1.750,5.250
e,3,17,0.9842,0.0276,1,1.750,5.250
e,4,17,0.9355,0.0273,1,1.750,5.250
e,5,17,0.9725,0.0278,1,1.750,5.250
e,6,17,1.0158,0.0284,1,1.750,5.250
e,1,18,0.9406,0.0308,1,1.750,5.250
e,2,18,0.8446,0.0290,1,1.750,5.250
e,3,18,0.9443,0.0306,1,1.750,5.250
e,4,18,0.8496,0.0295,1,1.750,5.250
e,5,18,0.9791,0.0314,1,1.750,5.250
e,6,18,1.0209,0.0322,1,1.750,5.250
e,1,19,0.8642,0.0329,1,1.750,5.250
e,2,19,0.8343,0.0322,1,1.750,5.250
e,3,19,0.8439,0.0322,1,1.750,5.250
e,4,19,0.7707,0.0313,1,1.750,5.250
e,5,19,1.1334,0.0381,1,1.750,5.250
e,6,19,0.8666,0.0330,1,1.750,5.250
e,1,20,0.9159,0.0405,1,1.750,5.250
e,2,20,0.9496,0.0412,1,1.750,5.250
e,3,20,0.8774,0.0390,1,1.750,5.250
e,4,20,0.9813,0.0419,1,1.750,5.250
e,5,20,3.7300,0.2588,0,1.750,5.250
e,6,20,1.0187,0.0426,1,1.750,5.250
e,1,21,0.9715,0.0478,1,1.750,5.250
e,2,21,0.9135,0.0470,1,1.750,5.250
e,3,21,0.6924,0.0382,1,1.750,5.250
e,4,21,0.9862,0.0486,1,1.750,5.250
e,5,21,1.0138,0.0484,1,1.750,5.250
e,6,21,0.9656,0.0489,1,1.750,5.250
e,1,22,0.7522,0.0775,1,1.750,5.250
e,2,22,0.8134,0.0875,1,1.750,5.250
e,3,22,0.7045,0.0736,1,1.750,5.250
e,4,22,0.8857,0.0946,1,1.750,5.250
e,5,22,0.7848,0.0750,1,1.750,5.250
e,6,22,1.1143,0.1081,1,1.750,5.250
e,1,23,0.4069,0.1810,1,1.750,5.250
e,2,23,1.2766,0.3597,1,1.750,5.250
e,3,23,0.2457,0.1058,1,1.750,5.250
e,4,23,0.4452,0.1728,1,1.750,5.250
e,5,23,0.2933,0.1397,1,1.750,5.250
e,6,23,0.7234,0.2232,1,1.750,5.250
e,1,24,1.2000,1.6971,1,1.750,5.250
e,5,24,0.8000,0.7303,1,1.750,5.250
p,1,4,1.2566,0.5282,1,1.750,5.250
p,2,4,0.1502,0.1518,1,1.750,5.250
p,3,4,0.7434,0.3266,1,1.750,5.250
p,5,4,0.1639,0.1568,1,1.750,5.250
p,1,5,0.6790,0.1047,1,1.750,5.250
p,2,5,0.5173,0.0891,0,1.750,5.250
p,3,5,1.1211,0.1266,1,1.750,5.250
p,4,5,0.1015,0.0390,1,1.750,5.250
p,5,5,1.1114,0.1396,0,1.750,5.250
p,6,5,0.8789,0.1163,1,1.750,5.250
p,1,6,0.9319,0.0674,1,1.750,5.250
p,2,6,0.8624,0.0643,1,1.750,5.250
p,3,6,1.0681,0.0709,1,1.750,5.250
p,4,6,0.0811,0.0196,1,1.750,5.250
p,5,6,0.1144,0.0256,1,1.750,5.250
p,6,6,0.3576,0.0416,1,1.750,5.250
p,1,7,1.0036,0.0412,1,1.750,5.250
p,2,7,0.9964,0.0411,1,1.750,5.250
p,3,7,0.9891,0.0405,1,1.750,5.250
p,4,7,0.0723,0.0109,1,1.750,5.250
p,5,7,0.1283,0.0157,1,1.750,5.250
p,6,7,0.2171,0.0191,1,1.750,5.250
p,1,8,0.5447,0.0204,1,1.750,5.250
p,2,8,0.8585,0.0255,1,1.750,5.250
p,3,8,1.0119,0.0275,1,1.750,5.250
p,4,8,0.3312,0.0157,1,1.750,5.250
p,5,8,0.7574,0.0250,1,1.750,5.250
p,6,8,0.9881,0.0275,1,1.750,5.250
p,1,9,0.7924,0.0181,1,1.750,5.250
p,2,9,0.8197,0.0181,1,1.750,5.250
p,3,9,0.9493,0.0193,1,1.750,5.250
p,4,9,1.0507,0.0205,1,1.750,5.250
p,5,9,0.1776,0.0088,1,1.750,5.250
p,6,9,0.9320,0.0195,1,1.750,5.250
p,1,10,0.7973,0.0143,1,1.750,5.250
p,2,10,0.8253,0.0145,1,1.750,5.250
p,3,10,1.0069,0.0162,1,1.750,5.250
p,4,10,0.9931,0.0157,1,1.750,5.250
p,5,10,0.4667,0.0112,1,1.750,5.250
p,6,10,0.9080,0.0153,1,1.750,5.250
p,1,11,0.8929,0.0130,1,1.750,5.250
p,2,11,0.8032,0.0123,1,1.750,5.250
p,3,11,7.6012,0.1150,0,1.750,5.250
p,4,11,1.0661,0.0140,1,1.750,5.250
p,5,11,0.6207,0.0109,1,1.750,5.250
p,6,11,0.9339,0.0133,1,1.750,5.250
p,1,12,0.8486,0.0110,1,1.750,5.250
p,2,12,0.5979,0.0092,0,1.750,5.250
p,3,12,0.9527,0.0115,1,1.750,5.250
p,4,12,1.0433,0.0121,1,1.750,5.250
p,5,12,0.8519,0.0110,1,1.750,5.250
p,6,12,0.9567,0.0117,1,1.750,5.250
p,1,13,1.0072,0.0114,1,1.750,5.250
p,2,13,0.8008,0.0102,1,1.750,5.250
p,3,13,0.9928,0.0111,1,1.750,5.250
p,4,13,0.8586,0.0103,1,1.750,5.250
p,5,13,0.8897,0.0107,1,1.750,5.250
p,6,13,0.9530,0.0110,1,1.750,5.250
p,1,14,0.9666,0.0105,1,1.750,5.250
p,2,14,0.7833,0.0095,1,1.750,5.250
p,3,14,0.9945,0.0106,1,1.750,5.250
p,4,14,0.9508,0.0102,1,1.750,5.250
p,5,14,0.8971,0.0101,1,1.750,5.250
p,6,14,1.0055,0.0108,1,1.750,5.250
p,1,15,0.9813,0.0106,1,1.750,5.250
p,2,15,0.7558,0.0093,1,1.750,5.250
p,3,15,0.9732,0.0104,1,1.750,5.250
p,4,15,1.0183,0.0106,1,1.750,5.250
p,5,15,0.8015,0.0095,1,1.750,5.250
p,6,15,0.9817,0.0106,1,1.750,5.250
p,1,16,0.9962,0.0108,1,1.750,5.250
p,2,16,0.7713,0.0096,1,1.750,5.250
p,3,16,0.9386,0.0103,0,1.750,5.250
p,4,16,1.0038,0.0106,1,1.750,5.250
p,5,16,0.9041,0.0102,1,1.750,5.250
p,6,16,0.9678,0.0106,1,1.750,5.250
p,1,17,0.9621,0.0108,1,1.750,5.250
p,2,17,0.7318,0.0096,1,1.750,5.250
p,3,17,0.9878,0.0108,1,1.750,5.250
p,4,17,1.0122,0.0108,1,1.750,5.250
p,5,17,0.9061,0.0104,1,1.750,5.250
p,6,17,0.9870,0.0109,1,1.750,5.250
p,1,18,0.9975,0.0117,1,1.750,5.250
p,2,18,0.7401,0.0102,1,1.750,5.250
p,3,18,0.9753,0.0113,1,1.750,5.250
p,4,18,1.0025,0.0114,1,1.750,5.250
p,5,18,0.9409,0.0112,1,1.750,5.250
p,6,18,0.9957,0.0115,1,1.750,5.250
p,1,19,0.9625,0.0121,1,1.750,5.250
p,2,19,0.7777,0.0111,1,1.750,5.250
p,3,19,0.9788,0.0120,1,1.750,5.250
p,4,19,1.0000,0.0120,1,1.750,5.250
p,5,19,0.9581,0.0123,1,1.750,5.250
p,6,19,1.0000,0.0122,1,1.750,5.250
p,1,20,0.9894,0.0131,1,1.750,5.250
p,2,20,0.7677,0.0118,1,1.750,5.250
p,3,20,1.0091,0.0130,1,1.750,5.250
p,4,20,0.9909,0.0128,1,1.750,5.250
p,5,20,5.1888,0.1031,0,1.750,5.250
p,6,20,0.9876,0.0129,1,1.750,5.250
p,1,21,0.9758,0.0139,1,1.750,5.250
p,2,21,0.7722,0.0126,1,1.750,5.250
p,3,21,0.9568,0.0134,1,1.750,5.250
p,4,21,1.0057,0.0138,1,1.750,5.250
p,5,21,0.9146,0.0135,1,1.750,5.250
p,6,21,0.9943,0.0139,1,1.750,5.250
p,1,22,0.9536,0.0149,1,1.750,5.250
p,2,22,0.7719,0.0137,1,1.750,5.250
p,3,22,1.0059,0.0151,1,1.750,5.250
p,4,22,0.9941,0.0149,1,1.750,5.250
p,5,22,0.9417,0.0149,1,1.750,5.250
p,6,22,0.9142,0.0145,1,1.750,5.250
p,1,23,0.9766,0.0157,1,1.750,5.250
p,2,23,0.8099,0.0141,1,1.750,5.250
p,3,23,0.9282,0.0140,1,1.750,5.250
p,4,23,0.9645,0.0148,1,1.750,5.250
p,5,23,0.9098,0.0152,1,1.750,5.250
p,6,23,1.0234,0.0159,1,1.750,5.250
p,1,24,0.9877,0.0141,1,1.750,5.250
p,2,24,0.8387,0.0132,1,1.750,5.250
p,4,24,0.9708,0.0136,1,1.750,5.250
p,5,24,0.9548,0.0139,1,1.750,5.250
p,6,24,1.0123,0.0142,1,1.750,5.250
p,1,25,1.0077,0.0164,1,1.750,5.250
p,2,25,0.9783,0.0170,1,1.750,5.250
p,3,25,0.9341,0.0148,1,1.750,5.250
p,4,25,0.9923,0.0158,1,1.750,5.250
p,5,25,0.9496,0.0156,1,1.750,5.250
p,6,25,0.9023,0.0149,1,1.750,5.250
p,1,26,1.0344,0.0192,1,1.750,5.250
p,2,26,0.9656,0.0189,1,1.750,5.250
p,3,26,0.8993,0.0168,1,1.750,5.250
p,4,26,0.9327,0.0174,1,1.750,5.250
p,5,26,0.9097,0.0172,1,1.750,5.250
p,6,26,0.8822,0.0170,1,1.750,5.250
p,1,27,0.9751,0.0222,1,1.750,5.250
p,2,27,1.0249,0.0239,1,1.750,5.250
p,3,27,0.9611,0.0220,1,1.750,5.250
p,4,27,0.9325,0.0215,1,1.750,5.250
p,5,27,0.9347,0.0219,1,1.750,5.250
p,6,27,0.8665,0.0208,1,1.750,5.250
p,1,28,0.9920,0.0304,1,1.750,5.250
p,2,28,1.0080,0.0317,1,1.750,5.250
p,3,28,0.9558,0.0295,1,1.750,5.250
p,4,28,0.9485,0.0288,1,1.750,5.250
p,5,28,0.9041,0.0285,1,1.750,5.250
p,6,28,0.8748,0.0281,1,1.750,5.250
p,1,29,1.0046,0.0480,1,1.750,5.250
p,2,29,0.9161,0.0466,1,1.750,5.250
p,3,29,0.9903,0.0492,1,1.750,5.250
p,4,29,0.9954,0.0490,1,1.750,5.250
p,5,29,0.9353,0.0468,1,1.750,5.250
p,6,29,0.7573,0.0406,1,1.750,5.250
p,1,30,1.0146,0.0913,1,1.750,5.250
p,2,30,0.9125,0.0867,1,1.750,5.250
p,3,30,0.7783,0.0739,1,1.750,5.250
p,4,30,0.9854,0.0969,1,1.750,5.250
p,5,30,0.7761,0.0740,1,1.750,5.250
p,6,30,0.7260,0.0759,1,1.750,5.250
p,1,31,1.0518,0.1741,1,1.750,5.250
p,2,31,0.8749,0.1501,1,1.750,5.250
p,3,31,0.9119,0.1584,1,1.750,5.250
p,4,31,0.9482,0.1607,1,1.750,5.250
p,5,31,0.4567,0.0930,1,1.750,5.250
p,6,31,0.6105,0.1180,1,1.750,5.250
p,1,32,0.5276,0.1334,1,1.750,5.250
p,2,32,0.9710,0.2538,1,1.750,5.250
p,3,32,1.0290,0.3049,1,1.750,5.250
p,4,32,0.8347,0.2657,1,1.750,5.250
p,5,32,6.2923,4.6862,0,1.750,5.250
p,6,32,0.5921,0.1616,0,1.750,5.250
p,1,33,1.2511,0.5827,1,1.750,5.250
p,2,33,0.3895,0.1822,1,1.750,5.250
p,3,33,0.1961,0.0968,1,1.750,5.250
p,4,33,0.5626,0.2099,1,1.750,5.250
p,5,33,0.7489,0.3471,1,1.750,5.250
p,6,33,0.1843,0.0831,0,1.750,5.250
p,1,34,0.4865,0.4363,1,1.750,5.250
p,2,34,0.9101,0.6028,1,1.750,5.250
p,3,34,1.0899,0.6958,1,1.750,5.250
p,5,34,0.4949,0.3122,1,1.750,5.250
p,6,34,0.7476,0.5979,0,1.750,5.250
p,1,35,0.4879,0.4395,1,1.750,5.250
p,2,35,1.5121,1.6572,1,1.750,5.250
p,3,35,0.4614,0.4202,1,1.750,5.250
p,4,35,0.3016,0.4274,1,1.750,5.250
p,6,35,0.8134,0.6741,0,1.750,5.250
p,2,36,1.0000,0.9774,1,1.750,5.250
p,4,37,1.0000,1.3755,1,1.750,5.250
pip,1,4,1.5836,1.1606,1,1.750,5.250
pip,2,4,0.3860,0.2620,1,1.750,5.250
pip,3,4,0.3667,0.1840,1,1.750,5.250
pip,4,4,0.4164,0.2329,1,1.750,5.250
pip,6,4,0.3333,0.2232,1,1.750,5.250
pip,1,5,1.0703,0.3107,1,1.750,5.250
pip,2,5,0.3062,0.1301,0,1.750,5.250
pip,3,5,0.6370,0.1492,1,1.750,5.250
pip,4,5,0.9297,0.2102,1,1.750,5.250
pip,5,5,0.1322,0.0898,0,1.750,5.250
pip,6,5,0.6864,0.1875,1,1.750,5.250
pip,1,6,0.6666,0.0848,1,1.750,5.250
pip,2,6,0.4247,0.0635,1,1.750,5.250
pip,3,6,0.7045,0.0784,1,1.750,5.250
pip,4,6,0.8503,0.0881,1,1.750,5.250
pip,5,6,1.1497,0.1283,1,1.750,5.250
pip,6,6,0.5218,0.0693,1,1.750,5.250
pip,1,7,0.7665,0.0524,1,1.750,5.250
pip,2,7,0.4844,0.0407,1,1.750,5.250
pip,3,7,0.7501,0.0489,1,1.750,5.250
pip,4,7,1.0506,0.0595,1,1.750,5.250
pip,5,7,0.9494,0.0665,1,1.750,5.250
pip,6,7,0.8050,0.0526,1,1.750,5.250
pip,1,8,0.8832,0.0413,1,1.750,5.250
pip,2,8,0.2233,0.0203,1,1.750,5.250
pip,3,8,0.6280,0.0332,1,1.750,5.250
pip,4,8,1.1168,0.0456,1,1.750,5.250
pip,5,8,0.4092,0.0297,1,1.750,5.250
pip,6,8,0.4167,0.0276,1,1.750,5.250
pip,1,9,1.0635,0.0398,1,1.750,5.250
pip,2,9,0.6493,0.0305,1,1.750,5.250
pip,3,9,0.6858,0.0308,1,1.750,5.250
pip,4,9,0.4432,0.0249,1,1.750,5.250
pip,5,9,0.9365,0.0391,1,1.750,5.250
pip,6,9,0.7395,0.0329,1,1.750,5.250
pip,1,10,1.0502,0.0305,1,1.750,5.250
pip,2,10,0.6291,0.0228,1,1.750,5.250
pip,3,10,0.4953,0.0202,1,1.750,5.250
pip,4,10,0.9498,0.0279,1,1.750,5.250
pip,5,10,0.5523,0.0224,1,1.750,5.250
pip,6,10,0.6522,0.0233,1,1.750,5.250
pip,1,11,1.0696,0.0265,1,1.750,5.250
pip,2,11,0.9137,0.0240,1,1.750,5.250
pip,3,11,0.8757,0.0276,0,1.750,5.250
pip,4,11,0.7912,0.0220,1,1.750,5.250
pip,5,11,0.7001,0.0215,1,1.750,5.250
pip,6,11,0.9304,0.0241,1,1.750,5.250
pip,1,12,1.1460,0.0241,1,1.750,5.250
pip,2,12,0.9661,0.0221,0,1.750,5.250
pip,3,12,0.8540,0.0201,1,1.750,5.250
pip,4,12,0.5471,0.0161,1,1.750,5.250
pip,5,12,0.4191,0.0143,1,1.750,5.250
pip,6,12,0.8231,0.0203,1,1.750,5.250
pip,1,13,0.3778,0.0113,1,1.750,5.250
pip,2,13,0.1037,0.0059,1,1.750,5.250
pip,3,13,0.8864,0.0174,1,1.750,5.250
pip,4,13,1.0805,0.0191,1,1.750,5.250
pip,5,13,0.0576,0.0044,1,1.750,5.250
pip,6,13,0.9195,0.0180,1,1.750,5.250
pip,1,14,0.6257,0.0146,1,1.750,5.250
pip,2,14,0.8690,0.0174,1,1.750,5.250
pip,3,14,0.8277,0.0167,1,1.750,5.250
pip,4,14,1.1310,0.0194,1,1.750,5.250
pip,5,14,0.3176,0.0102,1,1.750,5.250
pip,6,14,0.8429,0.0171,1,1.750,5.250
pip,1,15,0.9566,0.0172,1,1.750,5.250
pip,2,15,0.8980,0.0168,1,1.750,5.250
pip,3,15,0.9334,0.0169,1,1.750,5.250
pip,4,15,1.0135,0.0174,1,1.750,5.250
pip,5,15,0.9865,0.0174,1,1.750,5.250
pip,6,15,0.8970,0.0169,1,1.750,5.250
pip,1,16,0.7465,0.0142,1,1.750,5.250
pip,2,16,0.1442,0.0062,1,1.750,5.250
pip,3,16,1.0671,0.0169,0,1.750,5.250
pip,4,16,1.0284,0.0164,1,1.750,5.250
pip,5,16,0.8026,0.0147,1,1.750,5.250
pip,6,16,0.9716,0.0167,1,1.750,5.250
pip,1,17,0.7196,0.0140,1,1.750,5.250
pip,2,17,0.9304,0.0161,1,1.750,5.250
pip,3,17,0.8665,0.0153,1,1.750,5.250
pip,4,17,1.0639,0.0167,1,1.750,5.250
pip,5,17,0.4121,0.0105,1,1.750,5.250
pip,6,17,0.9361,0.0164,1,1.750,5.250
pip,1,18,0.9573,0.0159,1,1.750,5.250
pip,2,18,0.9163,0.0156,1,1.750,5.250
pip,3,18,1.0139,0.0161,1,1.750,5.250
pip,4,18,0.9747,0.0156,1,1.750,5.250
pip,5,18,0.8205,0.0146,1,1.750,5.250
pip,6,18,0.9861,0.0165,1,1.750,5.250
pip,1,19,0.9864,0.0155,1,1.750,5.250
pip,2,19,0.8523,0.0145,1,1.750,5.250
pip,3,19,0.9258,0.0148,1,1.750,5.250
pip,4,19,1.0136,0.0154,1,1.750,5.250
pip,5,19,0.8065,0.0141,1,1.750,5.250
pip,6,19,0.9284,0.0153,1,1.750,5.250
pip,1,20,0.9978,0.0160,1,1.750,5.250
pip,2,20,0.9193,0.0154,1,1.750,5.250
pip,3,20,0.9177,0.0152,1,1.750,5.250
pip,4,20,1.0022,0.0156,1,1.750,5.250
pip,5,20,1.6388,0.0258,0,1.750,5.250
pip,6,20,0.8607,0.0152,1,1.750,5.250
pip,1,21,0.9911,0.0154,1,1.750,5.250
pip,2,21,0.7443,0.0134,1,1.750,5.250
pip,3,21,1.0089,0.0154,1,1.750,5.250
pip,4,21,0.9351,0.0146,1,1.750,5.250
pip,5,21,0.9020,0.0147,1,1.750,5.250
pip,6,21,0.8951,0.0150,1,1.750,5.250
pip,1,22,1.0172,0.0159,1,1.750,5.250
pip,2,22,0.8741,0.0147,1,1.750,5.250
pip,3,22,0.9656,0.0154,1,1.750,5.250
pip,4,22,0.9828,0.0154,1,1.750,5.250
pip,5,22,0.8859,0.0148,1,1.750,5.250
pip,6,22,0.8904,0.0153,1,1.750,5.250
pip,1,23,1.0540,0.0153,1,1.750,5.250
pip,2,23,0.9078,0.0140,1,1.750,5.250
pip,3,23,0.8257,0.0128,1,1.750,5.250
pip,4,23,0.9163,0.0136,1,1.750,5.250
pip,5,23,0.9103,0.0141,1,1.750,5.250
pip,6,23,0.9460,0.0148,1,1.750,5.250
pip,1,24,1.0283,0.0119,1,1.750,5.250
pip,2,24,0.7843,0.0104,1,1.750,5.250
pip,4,24,0.9701,0.0113,1,1.750,5.250
pip,5,24,0.9284,0.0113,1,1.750,5.250
pip,6,24,0.9717,0.0122,1,1.750,5.250
pip,1,25,1.0298,0.0119,1,1.750,5.250
pip,2,25,0.9010,0.0112,1,1.750,5.250
pip,3,25,0.9042,0.0106,1,1.750,5.250
pip,4,25,0.9187,0.0107,1,1.750,5.250
pip,5,25,0.8909,0.0108,1,1.750,5.250
pip,6,25,0.9702,0.0121,1,1.750,5.250
pip,1,26,1.0795,0.0123,1,1.750,5.250
pip,2,26,0.9030,0.0112,1,1.750,5.250
pip,3,26,0.9080,0.0107,1,1.750,5.250
pip,4,26,0.8985,0.0106,1,1.750,5.250
pip,5,26,0.8944,0.0109,1,1.750,5.250
pip,6,26,0.9205,0.0117,1,1.750,5.250
pip,1,27,1.0419,0.0122,1,1.750,5.250
pip,2,27,0.9436,0.0117,1,1.750,5.250
pip,3,27,0.9081,0.0109,1,1.750,5.250
pip,4,27,0.8894,0.0107,1,1.750,5.250
pip,5,27,0.9185,0.0113,1,1.750,5.250
pip,6,27,0.9581,0.0123,1,1.750,5.250
pip,1,28,1.0541,0.0126,1,1.750,5.250
pip,2,28,0.9122,0.0117,1,1.750,5.250
pip,3,28,0.9126,0.0112,1,1.750,5.250
pip,4,28,0.9200,0.0113,1,1.750,5.250
pip,5,28,0.9459,0.0119,1,1.750,5.250
pip,6,28,0.9169,0.0126,1,1.750,5.250
pip,1,29,1.0312,0.0128,1,1.750,5.250
pip,2,29,0.8907,0.0120,1,1.750,5.250
pip,3,29,0.8934,0.0115,1,1.750,5.250
pip,4,29,0.8979,0.0115,1,1.750,5.250
pip,5,29,0.9319,0.0123,1,1.750,5.250
pip,6,29,0.9688,0.0135,1,1.750,5.250
pip,1,30,1.0449,0.0137,1,1.750,5.250
pip,2,30,0.9076,0.0128,1,1.750,5.250
pip,3,30,0.8983,0.0122,1,1.750,5.250
pip,4,30,0.9191,0.0124,1,1.750,5.250
pip,5,30,0.9358,0.0131,1,1.750,5.250
pip,6,30,0.9551,0.0145,1,1.750,5.250
pip,1,31,1.0561,0.0143,1,1.750,5.250
pip,2,31,0.8829,0.0131,1,1.750,5.250
pip,3,31,0.8892,0.0127,1,1.750,5.250
pip,4,31,0.8813,0.0126,1,1.750,5.250
pip,5,31,0.9192,0.0135,1,1.750,5.250
pip,6,31,0.9439,0.0150,1,1.750,5.250
pip,1,32,1.0643,0.0156,1,1.750,5.250
pip,2,32,0.9357,0.0146,1,1.750,5.250
pip,3,32,0.9019,0.0138,1,1.750,5.250
pip,4,32,0.9084,0.0139,1,1.750,5.250
pip,5,32,1.6485,0.0263,0,1.750,5.250
pip,6,32,0.9626,0.0167,0,1.750,5.250
pip,1,33,1.0362,0.0163,1,1.750,5.250
pip,2,33,0.9052,0.0153,1,1.750,5.250
pip,3,33,0.9010,0.0148,1,1.750,5.250
pip,4,33,0.9547,0.0150,1,1.750,5.250
pip,5,33,0.9638,0.0162,1,1.750,5.250
pip,6,33,0.9652,0.0183,0,1.750,5.250
pip,1,34,1.0557,0.0177,1,1.750,5.250
pip,2,34,0.8970,0.0166,1,1.750,5.250
pip,3,34,0.9443,0.0164,1,1.750,5.250
pip,5,34,0.9059,0.0171,1,1.750,5.250
pip,6,34,0.9924,0.0206,0,1.750,5.250
pip,1,35,1.0395,0.0185,1,1.750,5.250
pip,2,35,0.8678,0.0169,1,1.750,5.250
pip,3,35,0.8978,0.0170,1,1.750,5.250
pip,4,35,0.9355,0.0173,1,1.750,5.250
pip,5,35,0.9605,0.0185,1,1.750,5.250
pip,6,35,0.9980,0.0223,0,1.750,5.250
pip,1,36,1.0662,0.0212,1,1.750,5.250
pip,2,36,0.8509,0.0189,1,1.750,5.250
pip,3,36,0.8979,0.0192,1,1.750,5.250
pip,4,36,0.9338,0.0198,1,1.750,5.250
pip,5,36,0.9009,0.0203,1,1.750,5.250
pip,1,37,1.0185,0.0243,1,1.750,5.250
pip,2,37,0.8908,0.0229,1,1.750,5.250
pip,4,37,0.9815,0.0240,1,1.750,5.250
pip,5,37,0.9448,0.0243,1,1.750,5.250
pip,1,38,0.9979,0.0281,1,1.750,5.250
pip,2,38,0.8600,0.0265,1,1.750,5.250
pip,4,38,1.0021,0.0285,1,1.750,5.250
pip,5,38,0.9967,0.0292,1,1.750,5.250
pip,6,38,1.0039,0.0360,0,1.750,5.250
pip,1,39,0.9920,0.0317,1,1.750,5.250
pip,2,39,0.7695,0.0287,1,1.750,5.250
pip,3,39,0.9159,0.0308,1,1.750,5.250
pip,4,39,1.0080,0.0325,1,1.750,5.250
pip,5,39,0.9147,0.0318,1,1.750,5.250
pip,6,39,1.0726,0.0409,0,1.750,5.250
pip,1,40,1.0033,0.0280,1,1.750,5.250
pip,2,40,0.7390,0.0255,1,1.750,5.250
pip,3,40,0.6565,0.0228,0,1.750,5.250
pip,4,40,0.9595,0.0278,1,1.750,5.250
pip,5,40,1.3781,0.0432,0,1.750,5.250
pip,6,40,0.9967,0.0303,1,1.750,5.250
pip,1,41,0.7951,0.0318,1,1.750,5.250
pip,2,41,0.6463,0.0301,1,1.750,5.250
pip,3,41,0.8698,0.0333,1,1.750,5.250
pip,4,41,0.9632,0.0349,1,1.750,5.250
pip,5,41,0.9297,0.0341,1,1.750,5.250
pip,6,41,1.0368,0.0369,1,1.750,5.250
pip,1,42,0.7450,0.0398,1,1.750,5.250
pip,2,42,1.0176,0.0616,1,1.750,5.250
pip,4,42,0.8930,0.0442,1,1.750,5.250
pip,6,42,0.9824,0.0481,1,1.750,5.250
pip,1,43,0.7899,0.0531,1,1.750,5.250
pip,2,43,1.1008,0.0954,1,1.750,5.250
pip,3,43,0.6359,0.0468,1,1.750,5.250
pip,4,43,0.8992,0.0550,1,1.750,5.250
pip,5,43,0.8185,0.0542,1,1.750,5.250
pip,6,43,0.7497,0.0513,1,1.750,5.250
pip,1,44,1.0125,0.0930,1,1.750,5.250
pip,2,44,0.8169,0.0804,1,1.750,5.250
pip,3,44,0.6659,0.0651,1,1.750,5.250
pip,4,44,0.9875,0.0777,1,1.750,5.250
pip,5,44,0.9288,0.0754,1,1.750,5.250
pip,1,46,0.3350,0.0764,1,1.750,5.250
pip,2,46,0.7541,0.1459,1,1.750,5.250
pip,3,46,0.0378,0.0250,0,1.750,5.250
pip,4,46,1.0677,0.1405,1,1.750,5.250
pip,5,46,0.7576,0.1412,1,1.750,5.250
pip,6,46,0.9323,0.1371,1,1.750,5.250
pip,1,47,0.1752,0.0937,1,1.750,5.250
pip,2,47,0.9311,0.2762,1,1.750,5.250
pip,3,47,0.2645,0.1135,0,1.750,5.250
pip,4,47,1.0689,0.2330,1,1.750,5.250
pip,5,47,0.6780,0.1824,1,1.750,5.250
pip,6,47,0.7037,0.2009,1,1.750,5.250
pip,1,48,1.2104,0.4063,1,1.750,5.250
pip,2,48,0.7896,0.2748,1,1.750,5.250
pip,3,48,0.2850,0.1563,1,1.750,5.250
pip,4,48,0.7731,0.2572,1,1.750,5.250
pip,5,48,0.3331,0.1742,1,1.750,5.250
pip,6,48,0.2164,0.1302,1,1.750,5.250
pip,2,45,0.0220,0.0198,0,1.750,5.250
pip,4,45,1.1452,0.1122,1,1.750,5.250
pip,5,45,0.8548,0.0966,1,1.750,5.250
pip,6,45,0.7337,0.0952,1,1.750,5.250
pip,3,3,0.3377,0.3217,1,1.750,5.250
pip,4,3,1.6623,1.5864,1,1.750,5.250
pip,4,2,1.0000,1.3630,1,1.750,5.250
